<?xml version="1.0" encoding="UTF-8"?>
<testng-results skipped="0" failed="0" total="1" passed="1">
  <reporter-output>
  </reporter-output>
  <suite name="Default suite" duration-ms="34470" started-at="2020-07-08T22:17:59Z" finished-at="2020-07-08T22:18:34Z">
    <groups>
    </groups>
    <test name="Default test" duration-ms="34470" started-at="2020-07-08T22:17:59Z" finished-at="2020-07-08T22:18:34Z">
      <class name="com.testcases.MenuTestCase">
        <test-method status="PASS" signature="setup()[pri:0, instance:com.testcases.MenuTestCase@3d680b5a]" name="setup" is-config="true" duration-ms="13834" started-at="2020-07-08T15:17:59Z" finished-at="2020-07-08T15:18:13Z">
          <reporter-output>
          </reporter-output>
        </test-method> <!-- setup -->
        <test-method status="PASS" signature="Menu()[pri:0, instance:com.testcases.MenuTestCase@3d680b5a]" name="Menu" duration-ms="15584" started-at="2020-07-08T15:18:13Z" finished-at="2020-07-08T15:18:29Z">
          <reporter-output>
          </reporter-output>
        </test-method> <!-- Menu -->
        <test-method status="PASS" signature="teardown()[pri:0, instance:com.testcases.MenuTestCase@3d680b5a]" name="teardown" is-config="true" duration-ms="5029" started-at="2020-07-08T15:18:29Z" finished-at="2020-07-08T15:18:34Z">
          <reporter-output>
          </reporter-output>
        </test-method> <!-- teardown -->
      </class> <!-- com.testcases.MenuTestCase -->
    </test> <!-- Default test -->
  </suite> <!-- Default suite -->
</testng-results>
